<?xml version="1.0" encoding="UTF-8"?>
<testsuite name="com.dao.UserDaoTest" tests="1" skipped="0" failures="0" errors="0" timestamp="2022-10-17T12:11:44" hostname="DESKTOP-UE84M7G" time="0.483">
  <properties/>
  <testcase name="checkIdentity()" classname="com.dao.UserDaoTest" time="0.483"/>
  <system-out><![CDATA[dao1 - com.dao.UserDao@3e74829
dao2 - com.dao.UserDao@4f6f416f
dao3 - com.dao.UserDao@3b8f0a79
dao4 - com.dao.UserDao@3b8f0a79
]]></system-out>
  <system-err><![CDATA[]]></system-err>
</testsuite>
