<?xml version="1.0" encoding="UTF-8"?>
<testsuite name="com.dao.UserDaoTest" tests="1" skipped="0" failures="0" errors="0" timestamp="2022-11-02T08:12:16" hostname="DESKTOP-UE84M7G" time="0.969">
  <properties/>
  <testcase name="count()" classname="com.dao.UserDaoTest" time="0.969"/>
  <system-out><![CDATA[]]></system-out>
  <system-err><![CDATA[]]></system-err>
</testsuite>
